{
  "stats": {
    "suites": 5,
    "tests": 7,
    "passes": 6,
    "pending": 0,
    "failures": 1,
    "start": "2024-03-06T13:05:20.467Z",
    "end": "2024-03-06T13:05:23.437Z",
    "duration": 2970,
    "testsRegistered": 7,
    "passPercent": 85.71428571428571,
    "pendingPercent": 0,
    "other": 0,
    "hasOther": false,
    "skipped": 0,
    "hasSkipped": false
  },
  "results": [
    {
      "uuid": "de29aae1-96ac-4f4f-888f-7d9176636c32",
      "title": "",
      "fullFile": "cypress/e2e/API/apiTesting.cy.js",
      "file": "cypress/e2e/API/apiTesting.cy.js",
      "beforeHooks": [],
      "afterHooks": [],
      "tests": [],
      "suites": [
        {
          "uuid": "6037b60d-417a-4fd9-a513-e3db0c88fb0a",
          "title": "User Authentication",
          "fullFile": "",
          "file": "",
          "beforeHooks": [],
          "afterHooks": [],
          "tests": [
            {
              "title": "Successful user login",
              "fullTitle": "User Authentication Successful user login",
              "timedOut": null,
              "duration": 918,
              "state": "failed",
              "speed": null,
              "pass": false,
              "fail": true,
              "pending": false,
              "context": null,
              "code": "cy.request('POST', Cypress.env('API_URL') + '/posts', {\n  username: Cypress.env('Username'),\n  password: Cypress.env('Password')\n}).then(function (response) {\n  expect(response.status).to.eq(200);\n  expect(response.body).to.have.property('username', 'Deepa');\n  // Save user id for use in cart manipulation and order replacement\n  Cypress.env('userId', response.body.id);\n});",
              "err": {
                "message": "CypressError: `cy.request()` failed on:\n\nhttps://www.bookbazaar.com/undefined/posts\n\nThe response we received from your web server was:\n\n  > 404: Not Found\n\nThis was considered a failure because the status code was not `2xx` or `3xx`.\n\nIf you do not want status codes to cause failures pass the option: `failOnStatusCode: false`\n\n-----------------------------------------------------------\n\nThe request we sent was:\n\nMethod: POST\nURL: https://www.bookbazaar.com/undefined/posts\nHeaders: {\n  \"Connection\": \"keep-alive\",\n  \"user-agent\": \"Mozilla/5.0 (X11; Linux x86_64) AppleWebKit/537.36 (KHTML, like Gecko) Cypress/11.2.0 Chrome/106.0.5249.51 Electron/21.0.0 Safari/537.36\",\n  \"accept\": \"*/*\",\n  \"accept-encoding\": \"gzip, deflate\",\n  \"content-type\": \"application/json\",\n  \"content-length\": 24\n}\nBody: {\"password\":\"Test@1234\"}\n\n-----------------------------------------------------------\n\nThe response we got was:\n\nStatus: 404 - Not Found\nHeaders: {\n  \"content-type\": \"text/html\",\n  \"server\": \"Microsoft-IIS/10.0\",\n  \"x-powered-by\": \"ASP.NET\",\n  \"access-control-allow-origin\": \"*\",\n  \"access-control-allow-headers\": \"Origin, X-Requested-With, Content-Type, Accept\",\n  \"access-control-request-headers\": \"*\",\n  \"date\": \"Wed, 06 Mar 2024 13:05:21 GMT\",\n  \"content-length\": \"1245\"\n}\nBody: <!DOCTYPE html PUBLIC \"-//W3C//DTD XHTML 1.0 Strict//EN\" \"http://www.w3.org/TR/xhtml1/DTD/xhtml1-strict.dtd\">\r\n<html xmlns=\"http://www.w3.org/1999/xhtml\">\r\n<head>\r\n<meta http-equiv=\"Content-Type\" content=\"text/html; charset=iso-8859-1\"/>\r\n<title>404 - File or directory not found.</title>\r\n<style type=\"text/css\">\r\n<!--\r\nbody{margin:0;font-size:.7em;font-family:Verdana, Arial, Helvetica, sans-serif;background:#EEEEEE;}\r\nfieldset{padding:0 15px 10px 15px;} \r\nh1{font-size:2.4em;margin:0;color:#FFF;}\r\nh2{font-size:1.7em;margin:0;color:#CC0000;} \r\nh3{font-size:1.2em;margin:10px 0 0 0;color:#000000;} \r\n#header{width:96%;margin:0 0 0 0;padding:6px 2% 6px 2%;font-family:\"trebuchet MS\", Verdana, sans-serif;color:#FFF;\r\nbackground-color:#555555;}\r\n#content{margin:0 0 0 2%;position:relative;}\r\n.content-container{background:#FFF;width:96%;margin-top:8px;padding:10px;position:relative;}\r\n-->\r\n</style>\r\n</head>\r\n<body>\r\n<div id=\"header\"><h1>Server Error</h1></div>\r\n<div id=\"content\">\r\n <div class=\"content-container\"><fieldset>\r\n  <h2>404 - File or directory not found.</h2>\r\n  <h3>The resource you are looking for might have been removed, had its name changed, or is temporarily unavailable.</h3>\r\n </fieldset></div>\r\n</div>\r\n</body>\r\n</html>\r\n\nhttps://on.cypress.io/request",
                "estack": "CypressError: `cy.request()` failed on:\n\nhttps://www.bookbazaar.com/undefined/posts\n\nThe response we received from your web server was:\n\n  > 404: Not Found\n\nThis was considered a failure because the status code was not `2xx` or `3xx`.\n\nIf you do not want status codes to cause failures pass the option: `failOnStatusCode: false`\n\n-----------------------------------------------------------\n\nThe request we sent was:\n\nMethod: POST\nURL: https://www.bookbazaar.com/undefined/posts\nHeaders: {\n  \"Connection\": \"keep-alive\",\n  \"user-agent\": \"Mozilla/5.0 (X11; Linux x86_64) AppleWebKit/537.36 (KHTML, like Gecko) Cypress/11.2.0 Chrome/106.0.5249.51 Electron/21.0.0 Safari/537.36\",\n  \"accept\": \"*/*\",\n  \"accept-encoding\": \"gzip, deflate\",\n  \"content-type\": \"application/json\",\n  \"content-length\": 24\n}\nBody: {\"password\":\"Test@1234\"}\n\n-----------------------------------------------------------\n\nThe response we got was:\n\nStatus: 404 - Not Found\nHeaders: {\n  \"content-type\": \"text/html\",\n  \"server\": \"Microsoft-IIS/10.0\",\n  \"x-powered-by\": \"ASP.NET\",\n  \"access-control-allow-origin\": \"*\",\n  \"access-control-allow-headers\": \"Origin, X-Requested-With, Content-Type, Accept\",\n  \"access-control-request-headers\": \"*\",\n  \"date\": \"Wed, 06 Mar 2024 13:05:21 GMT\",\n  \"content-length\": \"1245\"\n}\nBody: <!DOCTYPE html PUBLIC \"-//W3C//DTD XHTML 1.0 Strict//EN\" \"http://www.w3.org/TR/xhtml1/DTD/xhtml1-strict.dtd\">\r\n<html xmlns=\"http://www.w3.org/1999/xhtml\">\r\n<head>\r\n<meta http-equiv=\"Content-Type\" content=\"text/html; charset=iso-8859-1\"/>\r\n<title>404 - File or directory not found.</title>\r\n<style type=\"text/css\">\r\n<!--\r\nbody{margin:0;font-size:.7em;font-family:Verdana, Arial, Helvetica, sans-serif;background:#EEEEEE;}\r\nfieldset{padding:0 15px 10px 15px;} \r\nh1{font-size:2.4em;margin:0;color:#FFF;}\r\nh2{font-size:1.7em;margin:0;color:#CC0000;} \r\nh3{font-size:1.2em;margin:10px 0 0 0;color:#000000;} \r\n#header{width:96%;margin:0 0 0 0;padding:6px 2% 6px 2%;font-family:\"trebuchet MS\", Verdana, sans-serif;color:#FFF;\r\nbackground-color:#555555;}\r\n#content{margin:0 0 0 2%;position:relative;}\r\n.content-container{background:#FFF;width:96%;margin-top:8px;padding:10px;position:relative;}\r\n-->\r\n</style>\r\n</head>\r\n<body>\r\n<div id=\"header\"><h1>Server Error</h1></div>\r\n<div id=\"content\">\r\n <div class=\"content-container\"><fieldset>\r\n  <h2>404 - File or directory not found.</h2>\r\n  <h3>The resource you are looking for might have been removed, had its name changed, or is temporarily unavailable.</h3>\r\n </fieldset></div>\r\n</div>\r\n</body>\r\n</html>\r\n\nhttps://on.cypress.io/request\n    at <unknown> (https://www.bookbazaar.com/__cypress/runner/cypress_runner.js:144251:80)\n    at tryCatcher (https://www.bookbazaar.com/__cypress/runner/cypress_runner.js:11327:23)\n    at Promise._settlePromiseFromHandler (https://www.bookbazaar.com/__cypress/runner/cypress_runner.js:9262:31)\n    at Promise._settlePromise (https://www.bookbazaar.com/__cypress/runner/cypress_runner.js:9319:18)\n    at Promise._settlePromise0 (https://www.bookbazaar.com/__cypress/runner/cypress_runner.js:9364:10)\n    at Promise._settlePromises (https://www.bookbazaar.com/__cypress/runner/cypress_runner.js:9444:18)\n    at _drainQueueStep (https://www.bookbazaar.com/__cypress/runner/cypress_runner.js:6034:12)\n    at _drainQueue (https://www.bookbazaar.com/__cypress/runner/cypress_runner.js:6027:9)\n    at ../../node_modules/bluebird/js/release/async.js.Async._drainQueues (https://www.bookbazaar.com/__cypress/runner/cypress_runner.js:6043:5)\n    at Async.drainQueues (https://www.bookbazaar.com/__cypress/runner/cypress_runner.js:5913:14)\nFrom Your Spec Code:\n    at Context.eval (cypress/e2e/API/apiTesting.cy.js:5:15)",
                "diff": null
              },
              "uuid": "09292e73-6f0b-4cab-8e8a-eafe2de2063f",
              "parentUUID": "6037b60d-417a-4fd9-a513-e3db0c88fb0a",
              "isHook": false,
              "skipped": false
            }
          ],
          "suites": [],
          "passes": [],
          "failures": [
            "09292e73-6f0b-4cab-8e8a-eafe2de2063f"
          ],
          "pending": [],
          "skipped": [],
          "duration": 918,
          "root": false,
          "rootEmpty": false,
          "_timeout": 2000
        },
        {
          "uuid": "a52b98cc-745d-4975-bb71-b9e269356a30",
          "title": "Create a user",
          "fullFile": "",
          "file": "",
          "beforeHooks": [],
          "afterHooks": [],
          "tests": [
            {
              "title": "Creates a resource",
              "fullTitle": "Create a user Creates a resource",
              "timedOut": null,
              "duration": 793,
              "state": "passed",
              "speed": "fast",
              "pass": true,
              "fail": false,
              "pending": false,
              "context": null,
              "code": "cy.fixture(\"testData/createResource.json\").then(function (createResourceData) {\n  cy.request('POST', Cypress.env('API_Url') + 'posts', {\n    createResourceData: createResourceData\n  }).then(function (response) {\n    cy.log(response);\n    expect(response.status).to.eq(201);\n    Cypress.env('resourceId', response.body.id);\n  });\n});",
              "err": {},
              "uuid": "4acfe5c7-27ac-42c3-a58e-11d41ce2f179",
              "parentUUID": "a52b98cc-745d-4975-bb71-b9e269356a30",
              "isHook": false,
              "skipped": false
            }
          ],
          "suites": [],
          "passes": [
            "4acfe5c7-27ac-42c3-a58e-11d41ce2f179"
          ],
          "failures": [],
          "pending": [],
          "skipped": [],
          "duration": 793,
          "root": false,
          "rootEmpty": false,
          "_timeout": 2000
        },
        {
          "uuid": "ea86dbba-67bc-4ac7-9feb-305c318fe966",
          "title": "Product Retrieval and Details",
          "fullFile": "",
          "file": "",
          "beforeHooks": [],
          "afterHooks": [],
          "tests": [
            {
              "title": "Retrives the list of products",
              "fullTitle": "Product Retrieval and Details Retrives the list of products",
              "timedOut": null,
              "duration": 175,
              "state": "passed",
              "speed": "fast",
              "pass": true,
              "fail": false,
              "pending": false,
              "context": null,
              "code": "cy.request('GET', Cypress.env('API_Url') + 'posts').then(function (response) {\n  expect(response.status).to.eq(200);\n  expect(response.body).to.have.length.of.at.least(1);\n});",
              "err": {},
              "uuid": "29f801d3-1203-4968-8c9a-6bcf09d4647b",
              "parentUUID": "ea86dbba-67bc-4ac7-9feb-305c318fe966",
              "isHook": false,
              "skipped": false
            },
            {
              "title": "Retrieves details for a specific product",
              "fullTitle": "Product Retrieval and Details Retrieves details for a specific product",
              "timedOut": null,
              "duration": 180,
              "state": "passed",
              "speed": "fast",
              "pass": true,
              "fail": false,
              "pending": false,
              "context": null,
              "code": "cy.request('GET', Cypress.env('API_Url') + 'posts/3').then(function (response) {\n  expect(response.status).to.eq(200);\n  expect(response.body).to.include.keys('userId', 'id', 'title', 'body');\n});",
              "err": {},
              "uuid": "bab49b69-3733-47c6-b859-62d1f77273a4",
              "parentUUID": "ea86dbba-67bc-4ac7-9feb-305c318fe966",
              "isHook": false,
              "skipped": false
            }
          ],
          "suites": [],
          "passes": [
            "29f801d3-1203-4968-8c9a-6bcf09d4647b",
            "bab49b69-3733-47c6-b859-62d1f77273a4"
          ],
          "failures": [],
          "pending": [],
          "skipped": [],
          "duration": 355,
          "root": false,
          "rootEmpty": false,
          "_timeout": 2000
        },
        {
          "uuid": "af7db7d5-57ea-4a66-ac6c-ed4ad4c5e550",
          "title": "Cart Manipulation",
          "fullFile": "",
          "file": "",
          "beforeHooks": [],
          "afterHooks": [],
          "tests": [
            {
              "title": "Add an item to the cart",
              "fullTitle": "Cart Manipulation Add an item to the cart",
              "timedOut": null,
              "duration": 282,
              "state": "passed",
              "speed": "fast",
              "pass": true,
              "fail": false,
              "pending": false,
              "context": null,
              "code": "cy.request('POST', 'https://jsonplaceholder.typicode.com/todos', {\n  userId: Cypress.env('userId'),\n  title: 'Added an item to cart',\n  completed: false\n}).then(function (response) {\n  expect(response.status).to.eq(201);\n  expect(response.body).to.have.property('title', 'Added an item to cart');\n  Cypress.env('itemId', response.body.id);\n});",
              "err": {},
              "uuid": "c3b8236e-8c74-4207-b0d9-2a3878c45f5d",
              "parentUUID": "af7db7d5-57ea-4a66-ac6c-ed4ad4c5e550",
              "isHook": false,
              "skipped": false
            },
            {
              "title": "Remove an item from the cart",
              "fullTitle": "Cart Manipulation Remove an item from the cart",
              "timedOut": null,
              "duration": 268,
              "state": "passed",
              "speed": "fast",
              "pass": true,
              "fail": false,
              "pending": false,
              "context": null,
              "code": "console.log(\"\".concat(Cypress.env('itemId')));\ncy.request('DELETE', \"https://jsonplaceholder.typicode.com/todos/\".concat(Cypress.env('itemId'))).then(function (response) {\n  expect(response.status).to.eq(200);\n});",
              "err": {},
              "uuid": "097f3090-cffd-4f84-a9fd-1746c24da7fc",
              "parentUUID": "af7db7d5-57ea-4a66-ac6c-ed4ad4c5e550",
              "isHook": false,
              "skipped": false
            }
          ],
          "suites": [],
          "passes": [
            "c3b8236e-8c74-4207-b0d9-2a3878c45f5d",
            "097f3090-cffd-4f84-a9fd-1746c24da7fc"
          ],
          "failures": [],
          "pending": [],
          "skipped": [],
          "duration": 550,
          "root": false,
          "rootEmpty": false,
          "_timeout": 2000
        },
        {
          "uuid": "7ea034ae-f856-4a14-8f0d-755c3c4c0553",
          "title": "Order Replacement",
          "fullFile": "",
          "file": "",
          "beforeHooks": [],
          "afterHooks": [],
          "tests": [
            {
              "title": "Replace an order",
              "fullTitle": "Order Replacement Replace an order",
              "timedOut": null,
              "duration": 292,
              "state": "passed",
              "speed": "fast",
              "pass": true,
              "fail": false,
              "pending": false,
              "context": null,
              "code": "var postId = 2;\ncy.request('PUT', 'https://jsonplaceholder.typicode.com/posts/' + postId, {\n  userId: Cypress.env('userId'),\n  orderId: Cypress.env('orderId'),\n  title: \"Updated order\"\n}).then(function (response) {\n  expect(response.status).to.eq(200);\n  expect(response.body).to.have.property('title', 'Updated order');\n});",
              "err": {},
              "uuid": "07b76c7f-567e-4afd-87cf-3755e3f3ac34",
              "parentUUID": "7ea034ae-f856-4a14-8f0d-755c3c4c0553",
              "isHook": false,
              "skipped": false
            }
          ],
          "suites": [],
          "passes": [
            "07b76c7f-567e-4afd-87cf-3755e3f3ac34"
          ],
          "failures": [],
          "pending": [],
          "skipped": [],
          "duration": 292,
          "root": false,
          "rootEmpty": false,
          "_timeout": 2000
        }
      ],
      "passes": [],
      "failures": [],
      "pending": [],
      "skipped": [],
      "duration": 0,
      "root": true,
      "rootEmpty": true,
      "_timeout": 2000
    }
  ],
  "meta": {
    "mocha": {
      "version": "7.0.1"
    },
    "mochawesome": {
      "options": {
        "quiet": false,
        "reportFilename": "my-report",
        "saveHtml": false,
        "saveJson": true,
        "consoleReporter": "spec",
        "useInlineDiffs": false,
        "code": true
      },
      "version": "7.1.3"
    },
    "marge": {
      "options": {
        "charts": true,
        "json": true,
        "reportsDir": "reports/your-reports-folder",
        "reportFilename": "my-report",
        "overwrite": false,
        "html": false,
        "reportDir": "cypress/reports/html/.jsons"
      },
      "version": "6.2.0"
    }
  }
}